app/build 2/intermediates/manifest_merge_blame_file/debug/manifest-merger-blame-debug-report.txt
1<?xml version="1.0" encoding="utf-8"?>
2<manifest xmlns:android="http://schemas.android.com/apk/res/android"
3    package="com.app.izoototest"
4    android:versionCode="13"
5    android:versionName="1.2.3" >
6
7    <uses-sdk
8        android:minSdkVersion="16"
8-->src/main/AndroidManifest.xml
9        android:targetSdkVersion="30" />
9-->src/main/AndroidManifest.xml
10
11    <uses-permission android:name="android.permission.INTERNET" />
11-->src/main/AndroidManifest.xml:6:5-67
11-->src/main/AndroidManifest.xml:6:22-64
12    <uses-permission android:name="android.permission.WAKE_LOCK" />
12-->src/main/AndroidManifest.xml:7:5-68
12-->src/main/AndroidManifest.xml:7:22-65
13    <uses-permission android:name="android.permission.VIBRATE" />
13-->src/main/AndroidManifest.xml:8:5-66
13-->src/main/AndroidManifest.xml:8:22-63
14    <uses-permission android:name="android.permission.ACCESS_NETWORK_STATE" />
14-->src/main/AndroidManifest.xml:9:5-79
14-->src/main/AndroidManifest.xml:9:22-76
15
16    <!-- for Samsung -->
17    <uses-permission android:name="com.sec.android.provider.badge.permission.READ" />
17-->[:izooto] AndroidManifest.xml:17:5-86
17-->[:izooto] AndroidManifest.xml:17:22-83
18    <uses-permission android:name="com.sec.android.provider.badge.permission.WRITE" /> <!-- for htc -->
18-->[:izooto] AndroidManifest.xml:18:5-87
18-->[:izooto] AndroidManifest.xml:18:22-84
19    <uses-permission android:name="com.htc.launcher.permission.READ_SETTINGS" />
19-->[:izooto] AndroidManifest.xml:21:5-81
19-->[:izooto] AndroidManifest.xml:21:22-78
20    <uses-permission android:name="com.htc.launcher.permission.UPDATE_SHORTCUT" /> <!-- for sony -->
20-->[:izooto] AndroidManifest.xml:22:5-83
20-->[:izooto] AndroidManifest.xml:22:22-80
21    <uses-permission android:name="com.sonyericsson.home.permission.BROADCAST_BADGE" />
21-->[:izooto] AndroidManifest.xml:25:5-88
21-->[:izooto] AndroidManifest.xml:25:22-85
22    <uses-permission android:name="com.sonymobile.home.permission.PROVIDER_INSERT_BADGE" /> <!-- for apex -->
22-->[:izooto] AndroidManifest.xml:26:5-92
22-->[:izooto] AndroidManifest.xml:26:22-89
23    <uses-permission android:name="com.anddoes.launcher.permission.UPDATE_COUNT" /> <!-- for solid -->
23-->[:izooto] AndroidManifest.xml:29:5-84
23-->[:izooto] AndroidManifest.xml:29:22-81
24    <uses-permission android:name="com.majeur.launcher.permission.UPDATE_BADGE" /> <!-- for huawei -->
24-->[:izooto] AndroidManifest.xml:32:5-83
24-->[:izooto] AndroidManifest.xml:32:22-80
25    <uses-permission android:name="com.huawei.android.launcher.permission.CHANGE_BADGE" />
25-->[:izooto] AndroidManifest.xml:35:5-91
25-->[:izooto] AndroidManifest.xml:35:22-88
26    <uses-permission android:name="com.huawei.android.launcher.permission.READ_SETTINGS" />
26-->[:izooto] AndroidManifest.xml:36:5-92
26-->[:izooto] AndroidManifest.xml:36:22-89
27    <uses-permission android:name="com.huawei.android.launcher.permission.WRITE_SETTINGS" /> <!-- for ZUK -->
27-->[:izooto] AndroidManifest.xml:37:5-93
27-->[:izooto] AndroidManifest.xml:37:22-90
28    <uses-permission android:name="android.permission.READ_APP_BADGE" /> <!-- for OPPO -->
28-->[:izooto] AndroidManifest.xml:40:5-73
28-->[:izooto] AndroidManifest.xml:40:22-70
29    <uses-permission android:name="com.oppo.launcher.permission.READ_SETTINGS" />
29-->[:izooto] AndroidManifest.xml:43:5-82
29-->[:izooto] AndroidManifest.xml:43:22-79
30    <uses-permission android:name="com.oppo.launcher.permission.WRITE_SETTINGS" /> <!-- for EvMe -->
30-->[:izooto] AndroidManifest.xml:44:5-83
30-->[:izooto] AndroidManifest.xml:44:22-80
31    <uses-permission android:name="me.everything.badger.permission.BADGE_COUNT_READ" />
31-->[:izooto] AndroidManifest.xml:47:5-88
31-->[:izooto] AndroidManifest.xml:47:22-85
32    <uses-permission android:name="me.everything.badger.permission.BADGE_COUNT_WRITE" /> <!-- Required by older versions of Google Play services to create IID tokens -->
32-->[:izooto] AndroidManifest.xml:48:5-89
32-->[:izooto] AndroidManifest.xml:48:22-86
33    <uses-permission android:name="com.google.android.c2dm.permission.RECEIVE" />
33-->[com.google.firebase:firebase-iid:21.0.0] AndroidManifest.xml:26:5-82
33-->[com.google.firebase:firebase-iid:21.0.0] AndroidManifest.xml:26:22-79
34
35    <application
35-->src/main/AndroidManifest.xml:11:5-34:19
36        android:name="com.app.izoototest.AppController"
36-->src/main/AndroidManifest.xml:12:9-56
37        android:allowBackup="true"
37-->src/main/AndroidManifest.xml:13:9-35
38        android:appComponentFactory="androidx.core.app.CoreComponentFactory"
38-->[androidx.core:core:1.5.0] AndroidManifest.xml:24:18-86
39        android:debuggable="true"
40        android:icon="@drawable/splash_image"
40-->src/main/AndroidManifest.xml:14:9-46
41        android:label="@string/app_name"
41-->src/main/AndroidManifest.xml:15:9-41
42        android:roundIcon="@drawable/splash_image"
42-->src/main/AndroidManifest.xml:16:9-51
43        android:supportsRtl="true"
43-->src/main/AndroidManifest.xml:17:9-35
44        android:testOnly="true"
45        android:theme="@style/AppTheme"
45-->src/main/AndroidManifest.xml:18:9-40
46        android:usesCleartextTraffic="true" >
46-->[:izooto] AndroidManifest.xml:51:9-44
47        <activity
47-->src/main/AndroidManifest.xml:19:9-28:20
48            android:name="com.app.izoototest.MainActivity"
48-->src/main/AndroidManifest.xml:20:13-59
49            android:label="@string/app_name"
49-->src/main/AndroidManifest.xml:21:13-45
50            android:theme="@style/AppTheme.NoActionBar" >
50-->src/main/AndroidManifest.xml:22:13-56
51            <intent-filter>
51-->src/main/AndroidManifest.xml:23:13-27:29
52                <action android:name="android.intent.action.MAIN" />
52-->src/main/AndroidManifest.xml:24:17-69
52-->src/main/AndroidManifest.xml:24:25-66
53
54                <category android:name="android.intent.category.LAUNCHER" />
54-->src/main/AndroidManifest.xml:26:17-77
54-->src/main/AndroidManifest.xml:26:27-74
55            </intent-filter>
56        </activity> <!-- <meta-data -->
57        <!-- android:name="izooto_enc_key" -->
58        <!-- android:value="${izooto_enc_key}" /> -->
59        <!-- <meta-data -->
60        <!-- android:name="izooto_app_id" -->
61        <!-- android:value="${izooto_app_id}" /> -->
62        <activity
62-->[:izooto] AndroidManifest.xml:53:9-57:52
63            android:name="com.izooto.iZootoWebViewActivity"
63-->[:izooto] AndroidManifest.xml:54:13-60
64            android:exported="false"
64-->[:izooto] AndroidManifest.xml:55:13-37
65            android:launchMode="singleTask"
65-->[:izooto] AndroidManifest.xml:56:13-44
66            android:screenOrientation="portrait" />
66-->[:izooto] AndroidManifest.xml:57:13-49
67
68        <meta-data
68-->[:izooto] AndroidManifest.xml:59:9-61:36
69            android:name="android.webkit.WebView.EnableSafeBrowsing"
69-->[:izooto] AndroidManifest.xml:60:13-69
70            android:value="true" />
70-->[:izooto] AndroidManifest.xml:61:13-33
71
72        <receiver
72-->[:izooto] AndroidManifest.xml:63:9-70:20
73            android:name="com.izooto.NotificationActionReceiver"
73-->[:izooto] AndroidManifest.xml:64:13-65
74            android:enabled="true" >
74-->[:izooto] AndroidManifest.xml:65:13-35
75            <intent-filter>
75-->[:izooto] AndroidManifest.xml:66:13-69:29
76                <action android:name="actionBtnOne" />
76-->[:izooto] AndroidManifest.xml:67:17-55
76-->[:izooto] AndroidManifest.xml:67:25-52
77                <action android:name="actionBtnTwo" />
77-->[:izooto] AndroidManifest.xml:68:17-55
77-->[:izooto] AndroidManifest.xml:68:25-52
78            </intent-filter>
79        </receiver>
80
81        <service
81-->[:izooto] AndroidManifest.xml:72:9-79:19
82            android:name="com.izooto.iZootoMessagingService"
82-->[:izooto] AndroidManifest.xml:73:13-61
83            android:enabled="true"
83-->[:izooto] AndroidManifest.xml:74:13-35
84            android:exported="true" >
84-->[:izooto] AndroidManifest.xml:75:13-36
85            <intent-filter>
85-->[:izooto] AndroidManifest.xml:76:13-78:29
86                <action android:name="com.google.firebase.MESSAGING_EVENT" />
86-->[:izooto] AndroidManifest.xml:77:17-78
86-->[:izooto] AndroidManifest.xml:77:25-75
87            </intent-filter>
88        </service>
89
90        <meta-data
90-->[:izooto] AndroidManifest.xml:81:9-83:48
91            android:name="izooto_app_id"
91-->[:izooto] AndroidManifest.xml:82:13-41
92            android:value="09f06385e06cc10d0fc7a5e1c002cd9338a2c94f" />
92-->[:izooto] AndroidManifest.xml:83:13-45
93        <!--
94             FirebaseMessagingService performs security checks at runtime,
95             but set to not exported to explicitly avoid allowing another app to call it.
96        -->
97        <service
97-->[com.google.firebase:firebase-messaging:21.0.0] AndroidManifest.xml:28:9-35:19
98            android:name="com.google.firebase.messaging.FirebaseMessagingService"
98-->[com.google.firebase:firebase-messaging:21.0.0] AndroidManifest.xml:29:13-82
99            android:directBootAware="true"
99-->[com.google.firebase:firebase-messaging:21.0.0] AndroidManifest.xml:30:13-43
100            android:exported="false" >
100-->[com.google.firebase:firebase-messaging:21.0.0] AndroidManifest.xml:31:13-37
101            <intent-filter android:priority="-500" >
101-->[:izooto] AndroidManifest.xml:76:13-78:29
102                <action android:name="com.google.firebase.MESSAGING_EVENT" />
102-->[:izooto] AndroidManifest.xml:77:17-78
102-->[:izooto] AndroidManifest.xml:77:25-75
103            </intent-filter>
104        </service>
105        <service
105-->[com.google.firebase:firebase-messaging:21.0.0] AndroidManifest.xml:36:9-42:19
106            android:name="com.google.firebase.components.ComponentDiscoveryService"
106-->[com.google.firebase:firebase-messaging:21.0.0] AndroidManifest.xml:37:13-84
107            android:directBootAware="true"
107-->[com.google.firebase:firebase-common:19.3.1] AndroidManifest.xml:35:13-43
108            android:exported="false" >
108-->[com.google.firebase:firebase-messaging:21.0.0] AndroidManifest.xml:38:13-37
109            <meta-data
109-->[com.google.firebase:firebase-messaging:21.0.0] AndroidManifest.xml:39:13-41:85
110                android:name="com.google.firebase.components:com.google.firebase.messaging.FirebaseMessagingRegistrar"
110-->[com.google.firebase:firebase-messaging:21.0.0] AndroidManifest.xml:40:17-119
111                android:value="com.google.firebase.components.ComponentRegistrar" />
111-->[com.google.firebase:firebase-messaging:21.0.0] AndroidManifest.xml:41:17-82
112            <meta-data
112-->[com.google.firebase:firebase-iid:21.0.0] AndroidManifest.xml:32:13-34:85
113                android:name="com.google.firebase.components:com.google.firebase.iid.Registrar"
113-->[com.google.firebase:firebase-iid:21.0.0] AndroidManifest.xml:33:17-96
114                android:value="com.google.firebase.components.ComponentRegistrar" />
114-->[com.google.firebase:firebase-iid:21.0.0] AndroidManifest.xml:34:17-82
115            <meta-data
115-->[com.google.firebase:firebase-installations:16.3.3] AndroidManifest.xml:17:13-19:85
116                android:name="com.google.firebase.components:com.google.firebase.installations.FirebaseInstallationsRegistrar"
116-->[com.google.firebase:firebase-installations:16.3.3] AndroidManifest.xml:18:17-127
117                android:value="com.google.firebase.components.ComponentRegistrar" />
117-->[com.google.firebase:firebase-installations:16.3.3] AndroidManifest.xml:19:17-82
118            <meta-data
118-->[com.google.firebase:firebase-datatransport:17.0.3] AndroidManifest.xml:28:13-30:85
119                android:name="com.google.firebase.components:com.google.firebase.datatransport.TransportRegistrar"
119-->[com.google.firebase:firebase-datatransport:17.0.3] AndroidManifest.xml:29:17-115
120                android:value="com.google.firebase.components.ComponentRegistrar" />
120-->[com.google.firebase:firebase-datatransport:17.0.3] AndroidManifest.xml:30:17-82
121        </service>
122
123        <receiver
123-->[com.google.firebase:firebase-iid:21.0.0] AndroidManifest.xml:37:9-44:20
124            android:name="com.google.firebase.iid.FirebaseInstanceIdReceiver"
124-->[com.google.firebase:firebase-iid:21.0.0] AndroidManifest.xml:38:13-78
125            android:exported="true"
125-->[com.google.firebase:firebase-iid:21.0.0] AndroidManifest.xml:39:13-36
126            android:permission="com.google.android.c2dm.permission.SEND" >
126-->[com.google.firebase:firebase-iid:21.0.0] AndroidManifest.xml:40:13-73
127            <intent-filter>
127-->[com.google.firebase:firebase-iid:21.0.0] AndroidManifest.xml:41:13-43:29
128                <action android:name="com.google.android.c2dm.intent.RECEIVE" />
128-->[com.google.firebase:firebase-iid:21.0.0] AndroidManifest.xml:42:17-81
128-->[com.google.firebase:firebase-iid:21.0.0] AndroidManifest.xml:42:25-78
129            </intent-filter>
130        </receiver>
131
132        <provider
132-->[com.google.firebase:firebase-common:19.3.1] AndroidManifest.xml:26:9-31:39
133            android:name="com.google.firebase.provider.FirebaseInitProvider"
133-->[com.google.firebase:firebase-common:19.3.1] AndroidManifest.xml:27:13-77
134            android:authorities="com.app.izoototest.firebaseinitprovider"
134-->[com.google.firebase:firebase-common:19.3.1] AndroidManifest.xml:28:13-72
135            android:directBootAware="true"
135-->[com.google.firebase:firebase-common:19.3.1] AndroidManifest.xml:29:13-43
136            android:exported="false"
136-->[com.google.firebase:firebase-common:19.3.1] AndroidManifest.xml:30:13-37
137            android:initOrder="100" />
137-->[com.google.firebase:firebase-common:19.3.1] AndroidManifest.xml:31:13-36
138
139        <activity
139-->[com.google.android.gms:play-services-base:17.0.0] AndroidManifest.xml:23:9-26:75
140            android:name="com.google.android.gms.common.api.GoogleApiActivity"
140-->[com.google.android.gms:play-services-base:17.0.0] AndroidManifest.xml:24:13-79
141            android:exported="false"
141-->[com.google.android.gms:play-services-base:17.0.0] AndroidManifest.xml:25:13-37
142            android:theme="@android:style/Theme.Translucent.NoTitleBar" />
142-->[com.google.android.gms:play-services-base:17.0.0] AndroidManifest.xml:26:13-72
143
144        <meta-data
144-->[com.google.android.gms:play-services-basement:17.0.0] AndroidManifest.xml:23:9-25:69
145            android:name="com.google.android.gms.version"
145-->[com.google.android.gms:play-services-basement:17.0.0] AndroidManifest.xml:24:13-58
146            android:value="@integer/google_play_services_version" />
146-->[com.google.android.gms:play-services-basement:17.0.0] AndroidManifest.xml:25:13-66
147
148        <service
148-->[com.google.android.datatransport:transport-backend-cct:2.2.0] AndroidManifest.xml:29:9-35:19
149            android:name="com.google.android.datatransport.runtime.backends.TransportBackendDiscovery"
149-->[com.google.android.datatransport:transport-backend-cct:2.2.0] AndroidManifest.xml:30:13-103
150            android:exported="false" >
150-->[com.google.android.datatransport:transport-backend-cct:2.2.0] AndroidManifest.xml:31:13-37
151            <meta-data
151-->[com.google.android.datatransport:transport-backend-cct:2.2.0] AndroidManifest.xml:32:13-34:39
152                android:name="backend:com.google.android.datatransport.cct.CctBackendFactory"
152-->[com.google.android.datatransport:transport-backend-cct:2.2.0] AndroidManifest.xml:33:17-94
153                android:value="cct" />
153-->[com.google.android.datatransport:transport-backend-cct:2.2.0] AndroidManifest.xml:34:17-36
154        </service>
155        <service
155-->[com.google.android.datatransport:transport-runtime:2.2.0] AndroidManifest.xml:26:9-30:19
156            android:name="com.google.android.datatransport.runtime.scheduling.jobscheduling.JobInfoSchedulerService"
156-->[com.google.android.datatransport:transport-runtime:2.2.0] AndroidManifest.xml:27:13-117
157            android:exported="false"
157-->[com.google.android.datatransport:transport-runtime:2.2.0] AndroidManifest.xml:28:13-37
158            android:permission="android.permission.BIND_JOB_SERVICE" >
158-->[com.google.android.datatransport:transport-runtime:2.2.0] AndroidManifest.xml:29:13-69
159        </service>
160
161        <receiver
161-->[com.google.android.datatransport:transport-runtime:2.2.0] AndroidManifest.xml:32:9-34:40
162            android:name="com.google.android.datatransport.runtime.scheduling.jobscheduling.AlarmManagerSchedulerBroadcastReceiver"
162-->[com.google.android.datatransport:transport-runtime:2.2.0] AndroidManifest.xml:33:13-132
163            android:exported="false" />
163-->[com.google.android.datatransport:transport-runtime:2.2.0] AndroidManifest.xml:34:13-37
164    </application>
165
166</manifest>